[0.165s] DEBUG:colcon:Command line arguments: ['/usr/bin/colcon', 'build']
[0.165s] DEBUG:colcon:Parsed command line arguments: Namespace(log_base=None, log_level=None, verb_name='build', build_base='build', install_base='install', merge_install=False, symlink_install=False, test_result_base=None, continue_on_error=False, executor='parallel', parallel_workers=12, event_handlers=None, ignore_user_meta=False, metas=['./colcon.meta'], base_paths=['.'], packages_ignore=None, packages_ignore_regex=None, paths=None, packages_up_to=None, packages_up_to_regex=None, packages_above=None, packages_above_and_dependencies=None, packages_above_depth=None, packages_select_by_dep=None, packages_skip_by_dep=None, packages_skip_up_to=None, packages_select_build_failed=False, packages_skip_build_finished=False, packages_select_test_failures=False, packages_skip_test_passed=False, packages_select=None, packages_skip=None, packages_select_regex=None, packages_skip_regex=None, packages_start=None, packages_end=None, allow_overriding=[], cmake_args=None, cmake_target=None, cmake_target_skip_unavailable=False, cmake_clean_cache=False, cmake_clean_first=False, cmake_force_configure=False, ament_cmake_args=None, catkin_cmake_args=None, catkin_skip_building_tests=False, mixin_files=None, mixin=None, verb_parser=<colcon_mixin.mixin.mixin_argument.MixinArgumentDecorator object at 0x7a8f90a8cd60>, verb_extension=<colcon_core.verb.build.BuildVerb object at 0x7a8f90a12710>, main=<bound method BuildVerb.main of <colcon_core.verb.build.BuildVerb object at 0x7a8f90a12710>>, mixin_verb=('build',))
[0.350s] Level 1:colcon.colcon_core.package_discovery:discover_packages(colcon_meta) check parameters
[0.350s] Level 1:colcon.colcon_core.package_discovery:discover_packages(recursive) check parameters
[0.350s] Level 1:colcon.colcon_core.package_discovery:discover_packages(ignore) check parameters
[0.350s] Level 1:colcon.colcon_core.package_discovery:discover_packages(path) check parameters
[0.350s] Level 1:colcon.colcon_core.package_discovery:discover_packages(colcon_meta) discover
[0.350s] Level 1:colcon.colcon_core.package_discovery:discover_packages(recursive) discover
[0.350s] INFO:colcon.colcon_core.package_discovery:Crawling recursively for packages in '/home/jean/Andromeda_USV/andromeda_project/middleware_ws/src/andromeda_middleware/andromeda_middleware'
[0.350s] Level 1:colcon.colcon_core.package_identification:_identify(.) by extensions ['ignore', 'ignore_ament_install']
[0.350s] Level 1:colcon.colcon_core.package_identification:_identify(.) by extension 'ignore'
[0.350s] Level 1:colcon.colcon_core.package_identification:_identify(.) by extension 'ignore_ament_install'
[0.350s] Level 1:colcon.colcon_core.package_identification:_identify(.) by extensions ['colcon_pkg']
[0.350s] Level 1:colcon.colcon_core.package_identification:_identify(.) by extension 'colcon_pkg'
[0.350s] Level 1:colcon.colcon_core.package_identification:_identify(.) by extensions ['colcon_meta']
[0.350s] Level 1:colcon.colcon_core.package_identification:_identify(.) by extension 'colcon_meta'
[0.350s] Level 1:colcon.colcon_core.package_identification:_identify(.) by extensions ['ros']
[0.350s] Level 1:colcon.colcon_core.package_identification:_identify(.) by extension 'ros'
[0.365s] Level 1:colcon.colcon_core.package_identification:_identify(.) by extensions ['cmake', 'python']
[0.365s] Level 1:colcon.colcon_core.package_identification:_identify(.) by extension 'cmake'
[0.365s] Level 1:colcon.colcon_core.package_identification:_identify(.) by extension 'python'
[0.366s] Level 1:colcon.colcon_core.package_identification:_identify(.) by extensions ['python_setup_py']
[0.366s] Level 1:colcon.colcon_core.package_identification:_identify(.) by extension 'python_setup_py'
[0.366s] Level 1:colcon.colcon_core.package_identification:_identify(build) by extensions ['ignore', 'ignore_ament_install']
[0.366s] Level 1:colcon.colcon_core.package_identification:_identify(build) by extension 'ignore'
[0.366s] Level 1:colcon.colcon_core.package_identification:_identify(build) ignored
[0.366s] Level 1:colcon.colcon_core.package_identification:_identify(config) by extensions ['ignore', 'ignore_ament_install']
[0.366s] Level 1:colcon.colcon_core.package_identification:_identify(config) by extension 'ignore'
[0.366s] Level 1:colcon.colcon_core.package_identification:_identify(config) by extension 'ignore_ament_install'
[0.366s] Level 1:colcon.colcon_core.package_identification:_identify(config) by extensions ['colcon_pkg']
[0.366s] Level 1:colcon.colcon_core.package_identification:_identify(config) by extension 'colcon_pkg'
[0.366s] Level 1:colcon.colcon_core.package_identification:_identify(config) by extensions ['colcon_meta']
[0.366s] Level 1:colcon.colcon_core.package_identification:_identify(config) by extension 'colcon_meta'
[0.366s] Level 1:colcon.colcon_core.package_identification:_identify(config) by extensions ['ros']
[0.366s] Level 1:colcon.colcon_core.package_identification:_identify(config) by extension 'ros'
[0.366s] Level 1:colcon.colcon_core.package_identification:_identify(config) by extensions ['cmake', 'python']
[0.366s] Level 1:colcon.colcon_core.package_identification:_identify(config) by extension 'cmake'
[0.366s] Level 1:colcon.colcon_core.package_identification:_identify(config) by extension 'python'
[0.366s] Level 1:colcon.colcon_core.package_identification:_identify(config) by extensions ['python_setup_py']
[0.366s] Level 1:colcon.colcon_core.package_identification:_identify(config) by extension 'python_setup_py'
[0.366s] Level 1:colcon.colcon_core.package_identification:_identify(infrastructure) by extensions ['ignore', 'ignore_ament_install']
[0.367s] Level 1:colcon.colcon_core.package_identification:_identify(infrastructure) by extension 'ignore'
[0.367s] Level 1:colcon.colcon_core.package_identification:_identify(infrastructure) by extension 'ignore_ament_install'
[0.367s] Level 1:colcon.colcon_core.package_identification:_identify(infrastructure) by extensions ['colcon_pkg']
[0.367s] Level 1:colcon.colcon_core.package_identification:_identify(infrastructure) by extension 'colcon_pkg'
[0.367s] Level 1:colcon.colcon_core.package_identification:_identify(infrastructure) by extensions ['colcon_meta']
[0.367s] Level 1:colcon.colcon_core.package_identification:_identify(infrastructure) by extension 'colcon_meta'
[0.367s] Level 1:colcon.colcon_core.package_identification:_identify(infrastructure) by extensions ['ros']
[0.367s] Level 1:colcon.colcon_core.package_identification:_identify(infrastructure) by extension 'ros'
[0.367s] Level 1:colcon.colcon_core.package_identification:_identify(infrastructure) by extensions ['cmake', 'python']
[0.367s] Level 1:colcon.colcon_core.package_identification:_identify(infrastructure) by extension 'cmake'
[0.367s] Level 1:colcon.colcon_core.package_identification:_identify(infrastructure) by extension 'python'
[0.367s] Level 1:colcon.colcon_core.package_identification:_identify(infrastructure) by extensions ['python_setup_py']
[0.367s] Level 1:colcon.colcon_core.package_identification:_identify(infrastructure) by extension 'python_setup_py'
[0.367s] Level 1:colcon.colcon_core.package_identification:_identify(infrastructure/camera) by extensions ['ignore', 'ignore_ament_install']
[0.367s] Level 1:colcon.colcon_core.package_identification:_identify(infrastructure/camera) by extension 'ignore'
[0.367s] Level 1:colcon.colcon_core.package_identification:_identify(infrastructure/camera) by extension 'ignore_ament_install'
[0.367s] Level 1:colcon.colcon_core.package_identification:_identify(infrastructure/camera) by extensions ['colcon_pkg']
[0.367s] Level 1:colcon.colcon_core.package_identification:_identify(infrastructure/camera) by extension 'colcon_pkg'
[0.367s] Level 1:colcon.colcon_core.package_identification:_identify(infrastructure/camera) by extensions ['colcon_meta']
[0.367s] Level 1:colcon.colcon_core.package_identification:_identify(infrastructure/camera) by extension 'colcon_meta'
[0.367s] Level 1:colcon.colcon_core.package_identification:_identify(infrastructure/camera) by extensions ['ros']
[0.367s] Level 1:colcon.colcon_core.package_identification:_identify(infrastructure/camera) by extension 'ros'
[0.367s] Level 1:colcon.colcon_core.package_identification:_identify(infrastructure/camera) by extensions ['cmake', 'python']
[0.367s] Level 1:colcon.colcon_core.package_identification:_identify(infrastructure/camera) by extension 'cmake'
[0.367s] Level 1:colcon.colcon_core.package_identification:_identify(infrastructure/camera) by extension 'python'
[0.367s] Level 1:colcon.colcon_core.package_identification:_identify(infrastructure/camera) by extensions ['python_setup_py']
[0.367s] Level 1:colcon.colcon_core.package_identification:_identify(infrastructure/camera) by extension 'python_setup_py'
[0.367s] Level 1:colcon.colcon_core.package_identification:_identify(infrastructure/database) by extensions ['ignore', 'ignore_ament_install']
[0.367s] Level 1:colcon.colcon_core.package_identification:_identify(infrastructure/database) by extension 'ignore'
[0.367s] Level 1:colcon.colcon_core.package_identification:_identify(infrastructure/database) by extension 'ignore_ament_install'
[0.367s] Level 1:colcon.colcon_core.package_identification:_identify(infrastructure/database) by extensions ['colcon_pkg']
[0.367s] Level 1:colcon.colcon_core.package_identification:_identify(infrastructure/database) by extension 'colcon_pkg'
[0.367s] Level 1:colcon.colcon_core.package_identification:_identify(infrastructure/database) by extensions ['colcon_meta']
[0.367s] Level 1:colcon.colcon_core.package_identification:_identify(infrastructure/database) by extension 'colcon_meta'
[0.367s] Level 1:colcon.colcon_core.package_identification:_identify(infrastructure/database) by extensions ['ros']
[0.367s] Level 1:colcon.colcon_core.package_identification:_identify(infrastructure/database) by extension 'ros'
[0.367s] Level 1:colcon.colcon_core.package_identification:_identify(infrastructure/database) by extensions ['cmake', 'python']
[0.367s] Level 1:colcon.colcon_core.package_identification:_identify(infrastructure/database) by extension 'cmake'
[0.367s] Level 1:colcon.colcon_core.package_identification:_identify(infrastructure/database) by extension 'python'
[0.367s] Level 1:colcon.colcon_core.package_identification:_identify(infrastructure/database) by extensions ['python_setup_py']
[0.367s] Level 1:colcon.colcon_core.package_identification:_identify(infrastructure/database) by extension 'python_setup_py'
[0.367s] Level 1:colcon.colcon_core.package_identification:_identify(infrastructure/mavlink) by extensions ['ignore', 'ignore_ament_install']
[0.368s] Level 1:colcon.colcon_core.package_identification:_identify(infrastructure/mavlink) by extension 'ignore'
[0.368s] Level 1:colcon.colcon_core.package_identification:_identify(infrastructure/mavlink) by extension 'ignore_ament_install'
[0.368s] Level 1:colcon.colcon_core.package_identification:_identify(infrastructure/mavlink) by extensions ['colcon_pkg']
[0.368s] Level 1:colcon.colcon_core.package_identification:_identify(infrastructure/mavlink) by extension 'colcon_pkg'
[0.368s] Level 1:colcon.colcon_core.package_identification:_identify(infrastructure/mavlink) by extensions ['colcon_meta']
[0.368s] Level 1:colcon.colcon_core.package_identification:_identify(infrastructure/mavlink) by extension 'colcon_meta'
[0.368s] Level 1:colcon.colcon_core.package_identification:_identify(infrastructure/mavlink) by extensions ['ros']
[0.368s] Level 1:colcon.colcon_core.package_identification:_identify(infrastructure/mavlink) by extension 'ros'
[0.368s] Level 1:colcon.colcon_core.package_identification:_identify(infrastructure/mavlink) by extensions ['cmake', 'python']
[0.368s] Level 1:colcon.colcon_core.package_identification:_identify(infrastructure/mavlink) by extension 'cmake'
[0.368s] Level 1:colcon.colcon_core.package_identification:_identify(infrastructure/mavlink) by extension 'python'
[0.368s] Level 1:colcon.colcon_core.package_identification:_identify(infrastructure/mavlink) by extensions ['python_setup_py']
[0.368s] Level 1:colcon.colcon_core.package_identification:_identify(infrastructure/mavlink) by extension 'python_setup_py'
[0.368s] Level 1:colcon.colcon_core.package_identification:_identify(infrastructure/mqtt) by extensions ['ignore', 'ignore_ament_install']
[0.368s] Level 1:colcon.colcon_core.package_identification:_identify(infrastructure/mqtt) by extension 'ignore'
[0.368s] Level 1:colcon.colcon_core.package_identification:_identify(infrastructure/mqtt) by extension 'ignore_ament_install'
[0.368s] Level 1:colcon.colcon_core.package_identification:_identify(infrastructure/mqtt) by extensions ['colcon_pkg']
[0.368s] Level 1:colcon.colcon_core.package_identification:_identify(infrastructure/mqtt) by extension 'colcon_pkg'
[0.368s] Level 1:colcon.colcon_core.package_identification:_identify(infrastructure/mqtt) by extensions ['colcon_meta']
[0.368s] Level 1:colcon.colcon_core.package_identification:_identify(infrastructure/mqtt) by extension 'colcon_meta'
[0.368s] Level 1:colcon.colcon_core.package_identification:_identify(infrastructure/mqtt) by extensions ['ros']
[0.368s] Level 1:colcon.colcon_core.package_identification:_identify(infrastructure/mqtt) by extension 'ros'
[0.368s] Level 1:colcon.colcon_core.package_identification:_identify(infrastructure/mqtt) by extensions ['cmake', 'python']
[0.368s] Level 1:colcon.colcon_core.package_identification:_identify(infrastructure/mqtt) by extension 'cmake'
[0.368s] Level 1:colcon.colcon_core.package_identification:_identify(infrastructure/mqtt) by extension 'python'
[0.368s] Level 1:colcon.colcon_core.package_identification:_identify(infrastructure/mqtt) by extensions ['python_setup_py']
[0.368s] Level 1:colcon.colcon_core.package_identification:_identify(infrastructure/mqtt) by extension 'python_setup_py'
[0.368s] Level 1:colcon.colcon_core.package_identification:_identify(infrastructure/serial) by extensions ['ignore', 'ignore_ament_install']
[0.368s] Level 1:colcon.colcon_core.package_identification:_identify(infrastructure/serial) by extension 'ignore'
[0.368s] Level 1:colcon.colcon_core.package_identification:_identify(infrastructure/serial) by extension 'ignore_ament_install'
[0.368s] Level 1:colcon.colcon_core.package_identification:_identify(infrastructure/serial) by extensions ['colcon_pkg']
[0.368s] Level 1:colcon.colcon_core.package_identification:_identify(infrastructure/serial) by extension 'colcon_pkg'
[0.368s] Level 1:colcon.colcon_core.package_identification:_identify(infrastructure/serial) by extensions ['colcon_meta']
[0.368s] Level 1:colcon.colcon_core.package_identification:_identify(infrastructure/serial) by extension 'colcon_meta'
[0.368s] Level 1:colcon.colcon_core.package_identification:_identify(infrastructure/serial) by extensions ['ros']
[0.368s] Level 1:colcon.colcon_core.package_identification:_identify(infrastructure/serial) by extension 'ros'
[0.368s] Level 1:colcon.colcon_core.package_identification:_identify(infrastructure/serial) by extensions ['cmake', 'python']
[0.368s] Level 1:colcon.colcon_core.package_identification:_identify(infrastructure/serial) by extension 'cmake'
[0.368s] Level 1:colcon.colcon_core.package_identification:_identify(infrastructure/serial) by extension 'python'
[0.368s] Level 1:colcon.colcon_core.package_identification:_identify(infrastructure/serial) by extensions ['python_setup_py']
[0.368s] Level 1:colcon.colcon_core.package_identification:_identify(infrastructure/serial) by extension 'python_setup_py'
[0.368s] Level 1:colcon.colcon_core.package_identification:_identify(install) by extensions ['ignore', 'ignore_ament_install']
[0.368s] Level 1:colcon.colcon_core.package_identification:_identify(install) by extension 'ignore'
[0.368s] Level 1:colcon.colcon_core.package_identification:_identify(install) ignored
[0.368s] Level 1:colcon.colcon_core.package_identification:_identify(log) by extensions ['ignore', 'ignore_ament_install']
[0.369s] Level 1:colcon.colcon_core.package_identification:_identify(log) by extension 'ignore'
[0.369s] Level 1:colcon.colcon_core.package_identification:_identify(log) ignored
[0.369s] Level 1:colcon.colcon_core.package_identification:_identify(nodes) by extensions ['ignore', 'ignore_ament_install']
[0.369s] Level 1:colcon.colcon_core.package_identification:_identify(nodes) by extension 'ignore'
[0.369s] Level 1:colcon.colcon_core.package_identification:_identify(nodes) by extension 'ignore_ament_install'
[0.369s] Level 1:colcon.colcon_core.package_identification:_identify(nodes) by extensions ['colcon_pkg']
[0.369s] Level 1:colcon.colcon_core.package_identification:_identify(nodes) by extension 'colcon_pkg'
[0.369s] Level 1:colcon.colcon_core.package_identification:_identify(nodes) by extensions ['colcon_meta']
[0.369s] Level 1:colcon.colcon_core.package_identification:_identify(nodes) by extension 'colcon_meta'
[0.369s] Level 1:colcon.colcon_core.package_identification:_identify(nodes) by extensions ['ros']
[0.369s] Level 1:colcon.colcon_core.package_identification:_identify(nodes) by extension 'ros'
[0.369s] Level 1:colcon.colcon_core.package_identification:_identify(nodes) by extensions ['cmake', 'python']
[0.369s] Level 1:colcon.colcon_core.package_identification:_identify(nodes) by extension 'cmake'
[0.369s] Level 1:colcon.colcon_core.package_identification:_identify(nodes) by extension 'python'
[0.369s] Level 1:colcon.colcon_core.package_identification:_identify(nodes) by extensions ['python_setup_py']
[0.369s] Level 1:colcon.colcon_core.package_identification:_identify(nodes) by extension 'python_setup_py'
[0.369s] Level 1:colcon.colcon_core.package_identification:_identify(services) by extensions ['ignore', 'ignore_ament_install']
[0.369s] Level 1:colcon.colcon_core.package_identification:_identify(services) by extension 'ignore'
[0.369s] Level 1:colcon.colcon_core.package_identification:_identify(services) by extension 'ignore_ament_install'
[0.369s] Level 1:colcon.colcon_core.package_identification:_identify(services) by extensions ['colcon_pkg']
[0.369s] Level 1:colcon.colcon_core.package_identification:_identify(services) by extension 'colcon_pkg'
[0.369s] Level 1:colcon.colcon_core.package_identification:_identify(services) by extensions ['colcon_meta']
[0.369s] Level 1:colcon.colcon_core.package_identification:_identify(services) by extension 'colcon_meta'
[0.369s] Level 1:colcon.colcon_core.package_identification:_identify(services) by extensions ['ros']
[0.369s] Level 1:colcon.colcon_core.package_identification:_identify(services) by extension 'ros'
[0.369s] Level 1:colcon.colcon_core.package_identification:_identify(services) by extensions ['cmake', 'python']
[0.369s] Level 1:colcon.colcon_core.package_identification:_identify(services) by extension 'cmake'
[0.369s] Level 1:colcon.colcon_core.package_identification:_identify(services) by extension 'python'
[0.369s] Level 1:colcon.colcon_core.package_identification:_identify(services) by extensions ['python_setup_py']
[0.369s] Level 1:colcon.colcon_core.package_identification:_identify(services) by extension 'python_setup_py'
[0.369s] Level 1:colcon.colcon_core.package_discovery:discover_packages(recursive) using defaults
[0.369s] Level 1:colcon.colcon_core.package_discovery:discover_packages(ignore) discover
[0.369s] Level 1:colcon.colcon_core.package_discovery:discover_packages(ignore) using defaults
[0.369s] Level 1:colcon.colcon_core.package_discovery:discover_packages(path) discover
[0.369s] Level 1:colcon.colcon_core.package_discovery:discover_packages(path) using defaults
[0.399s] Level 1:colcon.colcon_core.package_discovery:discover_packages(prefix_path) check parameters
[0.399s] Level 1:colcon.colcon_core.package_discovery:discover_packages(prefix_path) discover
[0.403s] DEBUG:colcon.colcon_installed_package_information.package_discovery:Found 9 installed packages in /home/jean/ros2_ws/install
[0.404s] DEBUG:colcon.colcon_installed_package_information.package_discovery:Found 278 installed packages in /opt/ros/humble
[0.405s] Level 1:colcon.colcon_core.package_discovery:discover_packages(prefix_path) using defaults
[0.427s] INFO:colcon.colcon_core.executor:Executing jobs using 'parallel' executor
[0.428s] DEBUG:colcon.colcon_parallel_executor.executor.parallel:run_until_complete
[0.428s] DEBUG:colcon.colcon_parallel_executor.executor.parallel:closing loop
[0.428s] DEBUG:colcon.colcon_parallel_executor.executor.parallel:loop closed
[0.428s] DEBUG:colcon.colcon_parallel_executor.executor.parallel:run_until_complete finished with '0'
[0.428s] DEBUG:colcon.colcon_core.event_reactor:joining thread
[0.435s] INFO:colcon.colcon_core.plugin_system:Skipping extension 'colcon_notification.desktop_notification.terminal_notifier': Not used on non-Darwin systems
[0.435s] INFO:colcon.colcon_core.plugin_system:Skipping extension 'colcon_notification.desktop_notification.win32': Not used on non-Windows systems
[0.435s] INFO:colcon.colcon_notification.desktop_notification:Sending desktop notification using 'notify2'
[0.455s] DEBUG:colcon.colcon_core.event_reactor:joined thread
[0.458s] INFO:colcon.colcon_core.plugin_system:Skipping extension 'colcon_core.shell.bat': Not used on non-Windows systems
[0.459s] INFO:colcon.colcon_core.shell:Creating prefix script '/home/jean/Andromeda_USV/andromeda_project/middleware_ws/src/andromeda_middleware/andromeda_middleware/install/local_setup.ps1'
[0.459s] INFO:colcon.colcon_core.shell:Creating prefix util module '/home/jean/Andromeda_USV/andromeda_project/middleware_ws/src/andromeda_middleware/andromeda_middleware/install/_local_setup_util_ps1.py'
[0.460s] INFO:colcon.colcon_core.shell:Creating prefix chain script '/home/jean/Andromeda_USV/andromeda_project/middleware_ws/src/andromeda_middleware/andromeda_middleware/install/setup.ps1'
[0.461s] INFO:colcon.colcon_core.shell:Creating prefix script '/home/jean/Andromeda_USV/andromeda_project/middleware_ws/src/andromeda_middleware/andromeda_middleware/install/local_setup.sh'
[0.462s] INFO:colcon.colcon_core.shell:Creating prefix util module '/home/jean/Andromeda_USV/andromeda_project/middleware_ws/src/andromeda_middleware/andromeda_middleware/install/_local_setup_util_sh.py'
[0.462s] INFO:colcon.colcon_core.shell:Creating prefix chain script '/home/jean/Andromeda_USV/andromeda_project/middleware_ws/src/andromeda_middleware/andromeda_middleware/install/setup.sh'
[0.464s] INFO:colcon.colcon_core.shell:Creating prefix script '/home/jean/Andromeda_USV/andromeda_project/middleware_ws/src/andromeda_middleware/andromeda_middleware/install/local_setup.bash'
[0.465s] INFO:colcon.colcon_core.shell:Creating prefix chain script '/home/jean/Andromeda_USV/andromeda_project/middleware_ws/src/andromeda_middleware/andromeda_middleware/install/setup.bash'
[0.466s] INFO:colcon.colcon_core.shell:Creating prefix script '/home/jean/Andromeda_USV/andromeda_project/middleware_ws/src/andromeda_middleware/andromeda_middleware/install/local_setup.zsh'
[0.467s] INFO:colcon.colcon_core.shell:Creating prefix chain script '/home/jean/Andromeda_USV/andromeda_project/middleware_ws/src/andromeda_middleware/andromeda_middleware/install/setup.zsh'
