/home/jean/Andromeda_USV/andromeda_project/middleware_ws/src/install/andromeda_middleare/lib/python3.10/site-packages/andromeda_middleware/__init__.py
/home/jean/Andromeda_USV/andromeda_project/middleware_ws/src/install/andromeda_middleare/lib/python3.10/site-packages/andromeda_middleware/nodes/__init__.py
/home/jean/Andromeda_USV/andromeda_project/middleware_ws/src/install/andromeda_middleare/lib/python3.10/site-packages/andromeda_middleware/infrastructure/__init__.py
/home/jean/Andromeda_USV/andromeda_project/middleware_ws/src/install/andromeda_middleare/lib/python3.10/site-packages/andromeda_middleware/services/__init__.py
/home/jean/Andromeda_USV/andromeda_project/middleware_ws/src/install/andromeda_middleare/lib/python3.10/site-packages/andromeda_middleware/infrastructure/mqtt/__init__.py
/home/jean/Andromeda_USV/andromeda_project/middleware_ws/src/install/andromeda_middleare/lib/python3.10/site-packages/andromeda_middleware/infrastructure/camera/__init__.py
/home/jean/Andromeda_USV/andromeda_project/middleware_ws/src/install/andromeda_middleare/lib/python3.10/site-packages/andromeda_middleware/infrastructure/mavlink/__init__.py
/home/jean/Andromeda_USV/andromeda_project/middleware_ws/src/install/andromeda_middleare/lib/python3.10/site-packages/andromeda_middleware/infrastructure/database/__init__.py
/home/jean/Andromeda_USV/andromeda_project/middleware_ws/src/install/andromeda_middleare/lib/python3.10/site-packages/andromeda_middleware/infrastructure/serial/__init__.py
/home/jean/Andromeda_USV/andromeda_project/middleware_ws/src/install/andromeda_middleare/lib/python3.10/site-packages/andromeda_middleware/__pycache__/__init__.cpython-310.pyc
/home/jean/Andromeda_USV/andromeda_project/middleware_ws/src/install/andromeda_middleare/lib/python3.10/site-packages/andromeda_middleware/nodes/__pycache__/__init__.cpython-310.pyc
/home/jean/Andromeda_USV/andromeda_project/middleware_ws/src/install/andromeda_middleare/lib/python3.10/site-packages/andromeda_middleware/infrastructure/__pycache__/__init__.cpython-310.pyc
/home/jean/Andromeda_USV/andromeda_project/middleware_ws/src/install/andromeda_middleare/lib/python3.10/site-packages/andromeda_middleware/services/__pycache__/__init__.cpython-310.pyc
/home/jean/Andromeda_USV/andromeda_project/middleware_ws/src/install/andromeda_middleare/lib/python3.10/site-packages/andromeda_middleware/infrastructure/mqtt/__pycache__/__init__.cpython-310.pyc
/home/jean/Andromeda_USV/andromeda_project/middleware_ws/src/install/andromeda_middleare/lib/python3.10/site-packages/andromeda_middleware/infrastructure/camera/__pycache__/__init__.cpython-310.pyc
/home/jean/Andromeda_USV/andromeda_project/middleware_ws/src/install/andromeda_middleare/lib/python3.10/site-packages/andromeda_middleware/infrastructure/mavlink/__pycache__/__init__.cpython-310.pyc
/home/jean/Andromeda_USV/andromeda_project/middleware_ws/src/install/andromeda_middleare/lib/python3.10/site-packages/andromeda_middleware/infrastructure/database/__pycache__/__init__.cpython-310.pyc
/home/jean/Andromeda_USV/andromeda_project/middleware_ws/src/install/andromeda_middleare/lib/python3.10/site-packages/andromeda_middleware/infrastructure/serial/__pycache__/__init__.cpython-310.pyc
/home/jean/Andromeda_USV/andromeda_project/middleware_ws/src/install/andromeda_middleare/share/ament_index/resource_index/packages/andromeda_middleare
/home/jean/Andromeda_USV/andromeda_project/middleware_ws/src/install/andromeda_middleare/share/andromeda_middleare/package.xml
/home/jean/Andromeda_USV/andromeda_project/middleware_ws/src/install/andromeda_middleare/lib/python3.10/site-packages/andromeda_middleare-0.0.0-py3.10.egg-info/PKG-INFO
/home/jean/Andromeda_USV/andromeda_project/middleware_ws/src/install/andromeda_middleare/lib/python3.10/site-packages/andromeda_middleare-0.0.0-py3.10.egg-info/dependency_links.txt
/home/jean/Andromeda_USV/andromeda_project/middleware_ws/src/install/andromeda_middleare/lib/python3.10/site-packages/andromeda_middleare-0.0.0-py3.10.egg-info/zip-safe
/home/jean/Andromeda_USV/andromeda_project/middleware_ws/src/install/andromeda_middleare/lib/python3.10/site-packages/andromeda_middleare-0.0.0-py3.10.egg-info/top_level.txt
/home/jean/Andromeda_USV/andromeda_project/middleware_ws/src/install/andromeda_middleare/lib/python3.10/site-packages/andromeda_middleare-0.0.0-py3.10.egg-info/SOURCES.txt
/home/jean/Andromeda_USV/andromeda_project/middleware_ws/src/install/andromeda_middleare/lib/python3.10/site-packages/andromeda_middleare-0.0.0-py3.10.egg-info/entry_points.txt
/home/jean/Andromeda_USV/andromeda_project/middleware_ws/src/install/andromeda_middleare/lib/python3.10/site-packages/andromeda_middleare-0.0.0-py3.10.egg-info/requires.txt
