running egg_info
creating ../build/andromeda_middleare/andromeda_middleare.egg-info
writing ../build/andromeda_middleare/andromeda_middleare.egg-info/PKG-INFO
writing dependency_links to ../build/andromeda_middleare/andromeda_middleare.egg-info/dependency_links.txt
writing entry points to ../build/andromeda_middleare/andromeda_middleare.egg-info/entry_points.txt
writing requirements to ../build/andromeda_middleare/andromeda_middleare.egg-info/requires.txt
writing top-level names to ../build/andromeda_middleare/andromeda_middleare.egg-info/top_level.txt
writing manifest file '../build/andromeda_middleare/andromeda_middleare.egg-info/SOURCES.txt'
reading manifest file '../build/andromeda_middleare/andromeda_middleare.egg-info/SOURCES.txt'
writing manifest file '../build/andromeda_middleare/andromeda_middleare.egg-info/SOURCES.txt'
running build
running build_py
creating /home/jean/Andromeda_USV/andromeda_project/middleware_ws/src/build/andromeda_middleare/build
creating /home/jean/Andromeda_USV/andromeda_project/middleware_ws/src/build/andromeda_middleare/build/lib
creating /home/jean/Andromeda_USV/andromeda_project/middleware_ws/src/build/andromeda_middleare/build/lib/andromeda_middleware
copying andromeda_middleware/__init__.py -> /home/jean/Andromeda_USV/andromeda_project/middleware_ws/src/build/andromeda_middleare/build/lib/andromeda_middleware
creating /home/jean/Andromeda_USV/andromeda_project/middleware_ws/src/build/andromeda_middleare/build/lib/andromeda_middleware/nodes
copying andromeda_middleware/nodes/__init__.py -> /home/jean/Andromeda_USV/andromeda_project/middleware_ws/src/build/andromeda_middleare/build/lib/andromeda_middleware/nodes
creating /home/jean/Andromeda_USV/andromeda_project/middleware_ws/src/build/andromeda_middleare/build/lib/andromeda_middleware/infrastructure
copying andromeda_middleware/infrastructure/__init__.py -> /home/jean/Andromeda_USV/andromeda_project/middleware_ws/src/build/andromeda_middleare/build/lib/andromeda_middleware/infrastructure
creating /home/jean/Andromeda_USV/andromeda_project/middleware_ws/src/build/andromeda_middleare/build/lib/andromeda_middleware/services
copying andromeda_middleware/services/__init__.py -> /home/jean/Andromeda_USV/andromeda_project/middleware_ws/src/build/andromeda_middleare/build/lib/andromeda_middleware/services
creating /home/jean/Andromeda_USV/andromeda_project/middleware_ws/src/build/andromeda_middleare/build/lib/andromeda_middleware/infrastructure/mqtt
copying andromeda_middleware/infrastructure/mqtt/__init__.py -> /home/jean/Andromeda_USV/andromeda_project/middleware_ws/src/build/andromeda_middleare/build/lib/andromeda_middleware/infrastructure/mqtt
creating /home/jean/Andromeda_USV/andromeda_project/middleware_ws/src/build/andromeda_middleare/build/lib/andromeda_middleware/infrastructure/camera
copying andromeda_middleware/infrastructure/camera/__init__.py -> /home/jean/Andromeda_USV/andromeda_project/middleware_ws/src/build/andromeda_middleare/build/lib/andromeda_middleware/infrastructure/camera
creating /home/jean/Andromeda_USV/andromeda_project/middleware_ws/src/build/andromeda_middleare/build/lib/andromeda_middleware/infrastructure/mavlink
copying andromeda_middleware/infrastructure/mavlink/__init__.py -> /home/jean/Andromeda_USV/andromeda_project/middleware_ws/src/build/andromeda_middleare/build/lib/andromeda_middleware/infrastructure/mavlink
creating /home/jean/Andromeda_USV/andromeda_project/middleware_ws/src/build/andromeda_middleare/build/lib/andromeda_middleware/infrastructure/database
copying andromeda_middleware/infrastructure/database/__init__.py -> /home/jean/Andromeda_USV/andromeda_project/middleware_ws/src/build/andromeda_middleare/build/lib/andromeda_middleware/infrastructure/database
creating /home/jean/Andromeda_USV/andromeda_project/middleware_ws/src/build/andromeda_middleare/build/lib/andromeda_middleware/infrastructure/serial
copying andromeda_middleware/infrastructure/serial/__init__.py -> /home/jean/Andromeda_USV/andromeda_project/middleware_ws/src/build/andromeda_middleare/build/lib/andromeda_middleware/infrastructure/serial
running install
running install_lib
creating /home/jean/Andromeda_USV/andromeda_project/middleware_ws/src/install/andromeda_middleare/lib/python3.10/site-packages/andromeda_middleware
creating /home/jean/Andromeda_USV/andromeda_project/middleware_ws/src/install/andromeda_middleare/lib/python3.10/site-packages/andromeda_middleware/nodes
copying /home/jean/Andromeda_USV/andromeda_project/middleware_ws/src/build/andromeda_middleare/build/lib/andromeda_middleware/nodes/__init__.py -> /home/jean/Andromeda_USV/andromeda_project/middleware_ws/src/install/andromeda_middleare/lib/python3.10/site-packages/andromeda_middleware/nodes
creating /home/jean/Andromeda_USV/andromeda_project/middleware_ws/src/install/andromeda_middleare/lib/python3.10/site-packages/andromeda_middleware/infrastructure
creating /home/jean/Andromeda_USV/andromeda_project/middleware_ws/src/install/andromeda_middleare/lib/python3.10/site-packages/andromeda_middleware/infrastructure/mqtt
copying /home/jean/Andromeda_USV/andromeda_project/middleware_ws/src/build/andromeda_middleare/build/lib/andromeda_middleware/infrastructure/mqtt/__init__.py -> /home/jean/Andromeda_USV/andromeda_project/middleware_ws/src/install/andromeda_middleare/lib/python3.10/site-packages/andromeda_middleware/infrastructure/mqtt
creating /home/jean/Andromeda_USV/andromeda_project/middleware_ws/src/install/andromeda_middleare/lib/python3.10/site-packages/andromeda_middleware/infrastructure/camera
copying /home/jean/Andromeda_USV/andromeda_project/middleware_ws/src/build/andromeda_middleare/build/lib/andromeda_middleware/infrastructure/camera/__init__.py -> /home/jean/Andromeda_USV/andromeda_project/middleware_ws/src/install/andromeda_middleare/lib/python3.10/site-packages/andromeda_middleware/infrastructure/camera
copying /home/jean/Andromeda_USV/andromeda_project/middleware_ws/src/build/andromeda_middleare/build/lib/andromeda_middleware/infrastructure/__init__.py -> /home/jean/Andromeda_USV/andromeda_project/middleware_ws/src/install/andromeda_middleare/lib/python3.10/site-packages/andromeda_middleware/infrastructure
creating /home/jean/Andromeda_USV/andromeda_project/middleware_ws/src/install/andromeda_middleare/lib/python3.10/site-packages/andromeda_middleware/infrastructure/mavlink
copying /home/jean/Andromeda_USV/andromeda_project/middleware_ws/src/build/andromeda_middleare/build/lib/andromeda_middleware/infrastructure/mavlink/__init__.py -> /home/jean/Andromeda_USV/andromeda_project/middleware_ws/src/install/andromeda_middleare/lib/python3.10/site-packages/andromeda_middleware/infrastructure/mavlink
creating /home/jean/Andromeda_USV/andromeda_project/middleware_ws/src/install/andromeda_middleare/lib/python3.10/site-packages/andromeda_middleware/infrastructure/database
copying /home/jean/Andromeda_USV/andromeda_project/middleware_ws/src/build/andromeda_middleare/build/lib/andromeda_middleware/infrastructure/database/__init__.py -> /home/jean/Andromeda_USV/andromeda_project/middleware_ws/src/install/andromeda_middleare/lib/python3.10/site-packages/andromeda_middleware/infrastructure/database
creating /home/jean/Andromeda_USV/andromeda_project/middleware_ws/src/install/andromeda_middleare/lib/python3.10/site-packages/andromeda_middleware/infrastructure/serial
copying /home/jean/Andromeda_USV/andromeda_project/middleware_ws/src/build/andromeda_middleare/build/lib/andromeda_middleware/infrastructure/serial/__init__.py -> /home/jean/Andromeda_USV/andromeda_project/middleware_ws/src/install/andromeda_middleare/lib/python3.10/site-packages/andromeda_middleware/infrastructure/serial
copying /home/jean/Andromeda_USV/andromeda_project/middleware_ws/src/build/andromeda_middleare/build/lib/andromeda_middleware/__init__.py -> /home/jean/Andromeda_USV/andromeda_project/middleware_ws/src/install/andromeda_middleare/lib/python3.10/site-packages/andromeda_middleware
creating /home/jean/Andromeda_USV/andromeda_project/middleware_ws/src/install/andromeda_middleare/lib/python3.10/site-packages/andromeda_middleware/services
copying /home/jean/Andromeda_USV/andromeda_project/middleware_ws/src/build/andromeda_middleare/build/lib/andromeda_middleware/services/__init__.py -> /home/jean/Andromeda_USV/andromeda_project/middleware_ws/src/install/andromeda_middleare/lib/python3.10/site-packages/andromeda_middleware/services
byte-compiling /home/jean/Andromeda_USV/andromeda_project/middleware_ws/src/install/andromeda_middleare/lib/python3.10/site-packages/andromeda_middleware/nodes/__init__.py to __init__.cpython-310.pyc
byte-compiling /home/jean/Andromeda_USV/andromeda_project/middleware_ws/src/install/andromeda_middleare/lib/python3.10/site-packages/andromeda_middleware/infrastructure/mqtt/__init__.py to __init__.cpython-310.pyc
byte-compiling /home/jean/Andromeda_USV/andromeda_project/middleware_ws/src/install/andromeda_middleare/lib/python3.10/site-packages/andromeda_middleware/infrastructure/camera/__init__.py to __init__.cpython-310.pyc
byte-compiling /home/jean/Andromeda_USV/andromeda_project/middleware_ws/src/install/andromeda_middleare/lib/python3.10/site-packages/andromeda_middleware/infrastructure/__init__.py to __init__.cpython-310.pyc
byte-compiling /home/jean/Andromeda_USV/andromeda_project/middleware_ws/src/install/andromeda_middleare/lib/python3.10/site-packages/andromeda_middleware/infrastructure/mavlink/__init__.py to __init__.cpython-310.pyc
byte-compiling /home/jean/Andromeda_USV/andromeda_project/middleware_ws/src/install/andromeda_middleare/lib/python3.10/site-packages/andromeda_middleware/infrastructure/database/__init__.py to __init__.cpython-310.pyc
byte-compiling /home/jean/Andromeda_USV/andromeda_project/middleware_ws/src/install/andromeda_middleare/lib/python3.10/site-packages/andromeda_middleware/infrastructure/serial/__init__.py to __init__.cpython-310.pyc
byte-compiling /home/jean/Andromeda_USV/andromeda_project/middleware_ws/src/install/andromeda_middleare/lib/python3.10/site-packages/andromeda_middleware/__init__.py to __init__.cpython-310.pyc
byte-compiling /home/jean/Andromeda_USV/andromeda_project/middleware_ws/src/install/andromeda_middleare/lib/python3.10/site-packages/andromeda_middleware/services/__init__.py to __init__.cpython-310.pyc
running install_data
creating /home/jean/Andromeda_USV/andromeda_project/middleware_ws/src/install/andromeda_middleare/share/ament_index
creating /home/jean/Andromeda_USV/andromeda_project/middleware_ws/src/install/andromeda_middleare/share/ament_index/resource_index
creating /home/jean/Andromeda_USV/andromeda_project/middleware_ws/src/install/andromeda_middleare/share/ament_index/resource_index/packages
copying resource/andromeda_middleare -> /home/jean/Andromeda_USV/andromeda_project/middleware_ws/src/install/andromeda_middleare/share/ament_index/resource_index/packages
copying package.xml -> /home/jean/Andromeda_USV/andromeda_project/middleware_ws/src/install/andromeda_middleare/share/andromeda_middleare
running install_egg_info
Copying ../build/andromeda_middleare/andromeda_middleare.egg-info to /home/jean/Andromeda_USV/andromeda_project/middleware_ws/src/install/andromeda_middleare/lib/python3.10/site-packages/andromeda_middleare-0.0.0-py3.10.egg-info
running install_scripts
writing list of installed files to '/home/jean/Andromeda_USV/andromeda_project/middleware_ws/src/build/andromeda_middleare/install.log'
